D:\MYWORK\EXAMPLE\BOOSTHTTP\BOOSTHTTP\DEBUG\BOOSTHTTP.EXE.EMBED.MANIFEST
D:\MYWORK\EXAMPLE\BOOSTHTTP\BOOSTHTTP\DEBUG\BOOSTHTTP.EXE.EMBED.MANIFEST.RES
D:\MYWORK\EXAMPLE\BOOSTHTTP\BOOSTHTTP\DEBUG\BOOSTHTTP.EXE.INTERMEDIATE.MANIFEST
D:\MYWORK\EXAMPLE\BOOSTHTTP\BOOSTHTTP\DEBUG\BOOSTHTTP.OBJ
D:\MYWORK\EXAMPLE\BOOSTHTTP\BOOSTHTTP\DEBUG\BOOSTHTTP.PCH
D:\mywork\example\boosthttp\boosthttp\Debug\boosthttp.vcxprojResolveAssemblyReference.cache
D:\mywork\example\boosthttp\boosthttp\Debug\boosthttp.write.1.tlog
D:\mywork\example\boosthttp\boosthttp\Debug\boosthttp_manifest.rc
D:\mywork\example\boosthttp\boosthttp\Debug\cl.command.1.tlog
D:\mywork\example\boosthttp\boosthttp\Debug\CL.read.1.tlog
D:\mywork\example\boosthttp\boosthttp\Debug\CL.write.1.tlog
D:\mywork\example\boosthttp\boosthttp\Debug\link.1444.read.1.tlog
D:\mywork\example\boosthttp\boosthttp\Debug\link.1444.write.1.tlog
D:\mywork\example\boosthttp\boosthttp\Debug\link.1444-cvtres.read.1.tlog
D:\mywork\example\boosthttp\boosthttp\Debug\link.1444-cvtres.write.1.tlog
D:\mywork\example\boosthttp\boosthttp\Debug\link.43396.read.1.tlog
D:\mywork\example\boosthttp\boosthttp\Debug\link.43396.write.1.tlog
D:\mywork\example\boosthttp\boosthttp\Debug\link.43396-cvtres.read.1.tlog
D:\mywork\example\boosthttp\boosthttp\Debug\link.43396-cvtres.write.1.tlog
D:\mywork\example\boosthttp\boosthttp\Debug\link.52556.read.1.tlog
D:\mywork\example\boosthttp\boosthttp\Debug\link.52556.write.1.tlog
D:\mywork\example\boosthttp\boosthttp\Debug\link.52556-cvtres.read.1.tlog
D:\mywork\example\boosthttp\boosthttp\Debug\link.52556-cvtres.write.1.tlog
D:\mywork\example\boosthttp\boosthttp\Debug\link.command.1.tlog
D:\mywork\example\boosthttp\boosthttp\Debug\link.read.1.tlog
D:\mywork\example\boosthttp\boosthttp\Debug\link.write.1.tlog
D:\mywork\example\boosthttp\boosthttp\Debug\link-cvtres.read.1.tlog
D:\mywork\example\boosthttp\boosthttp\Debug\link-cvtres.write.1.tlog
D:\mywork\example\boosthttp\boosthttp\Debug\mt.command.1.tlog
D:\mywork\example\boosthttp\boosthttp\Debug\mt.read.1.tlog
D:\mywork\example\boosthttp\boosthttp\Debug\mt.write.1.tlog
D:\mywork\example\boosthttp\boosthttp\Debug\rc.command.1.tlog
D:\mywork\example\boosthttp\boosthttp\Debug\rc.read.1.tlog
D:\mywork\example\boosthttp\boosthttp\Debug\rc.write.1.tlog
D:\MYWORK\EXAMPLE\BOOSTHTTP\BOOSTHTTP\DEBUG\STDAFX.OBJ
D:\mywork\example\boosthttp\boosthttp\Debug\vc100.idb
D:\MYWORK\EXAMPLE\BOOSTHTTP\BOOSTHTTP\DEBUG\VC100.PDB
D:\MYWORK\EXAMPLE\BOOSTHTTP\DEBUG\BOOSTHTTP.EXE
D:\MYWORK\EXAMPLE\BOOSTHTTP\DEBUG\BOOSTHTTP.ILK
D:\MYWORK\EXAMPLE\BOOSTHTTP\DEBUG\BOOSTHTTP.PDB
